Info: Starting: Create block symbol file (.bsf)
Info: qsys-generate E:\3TB_LABS\Lab4\lab4\lab4_restored\sopc_system.qsys --block-symbol-file --output-directory=E:\3TB_LABS\Lab4\lab4\lab4_restored\sopc_system --family="Cyclone V" --part=5CSEMA5F31C6
Progress: Loading lab4_restored/sopc_system.qsys
Progress: Reading input file
Progress: Adding SDRAM_Controller_0 [SDRAM_Controller 1.0]
Progress: Parameterizing module SDRAM_Controller_0
Progress: Adding clk_0 [clock_source 17.1]
Progress: Parameterizing module clk_0
Progress: Adding jtag_uart_0 [altera_avalon_jtag_uart 17.1]
Progress: Parameterizing module jtag_uart_0
Progress: Adding nios2_gen2_0 [altera_nios2_gen2 17.1]
Progress: Parameterizing module nios2_gen2_0
Progress: Adding onchip_memory2_0 [altera_avalon_onchip_memory2 17.1]
Progress: Parameterizing module onchip_memory2_0
Progress: Adding sys_sdram_pll_0 [altera_up_avalon_sys_sdram_pll 17.1]
Progress: Parameterizing module sys_sdram_pll_0
Progress: Building connections
Progress: Parameterizing connections
Progress: Validating
Progress: Done reading input file
Info: sopc_system.jtag_uart_0: JTAG UART IP input clock need to be at least double (2x) the operating frequency of JTAG TCK on board
Info: sopc_system.sys_sdram_pll_0: Refclk Freq: 50.0
Info: qsys-generate succeeded.
Info: Finished: Create block symbol file (.bsf)
Info: 
Info: Starting: Create HDL design files for synthesis
Info: qsys-generate E:\3TB_LABS\Lab4\lab4\lab4_restored\sopc_system.qsys --synthesis=VERILOG --output-directory=E:\3TB_LABS\Lab4\lab4\lab4_restored\sopc_system\synthesis --family="Cyclone V" --part=5CSEMA5F31C6
Progress: Loading lab4_restored/sopc_system.qsys
Progress: Reading input file
Progress: Adding SDRAM_Controller_0 [SDRAM_Controller 1.0]
Progress: Parameterizing module SDRAM_Controller_0
Progress: Adding clk_0 [clock_source 17.1]
Progress: Parameterizing module clk_0
Progress: Adding jtag_uart_0 [altera_avalon_jtag_uart 17.1]
Progress: Parameterizing module jtag_uart_0
Progress: Adding nios2_gen2_0 [altera_nios2_gen2 17.1]
Progress: Parameterizing module nios2_gen2_0
Progress: Adding onchip_memory2_0 [altera_avalon_onchip_memory2 17.1]
Progress: Parameterizing module onchip_memory2_0
Progress: Adding sys_sdram_pll_0 [altera_up_avalon_sys_sdram_pll 17.1]
Progress: Parameterizing module sys_sdram_pll_0
Progress: Building connections
Progress: Parameterizing connections
Progress: Validating
Progress: Done reading input file
Info: sopc_system.jtag_uart_0: JTAG UART IP input clock need to be at least double (2x) the operating frequency of JTAG TCK on board
Info: sopc_system.sys_sdram_pll_0: Refclk Freq: 50.0
Info: sopc_system: Generating sopc_system "sopc_system" for QUARTUS_SYNTH
Info: SDRAM_Controller_0: "sopc_system" instantiated SDRAM_Controller "SDRAM_Controller_0"
Info: jtag_uart_0: Starting RTL generation for module 'sopc_system_jtag_uart_0'
Info: jtag_uart_0:   Generation command is [exec C:/intelfpga_lite/17.1/quartus/bin64/perl/bin/perl.exe -I C:/intelfpga_lite/17.1/quartus/bin64/perl/lib -I C:/intelfpga_lite/17.1/quartus/sopc_builder/bin/europa -I C:/intelfpga_lite/17.1/quartus/sopc_builder/bin/perl_lib -I C:/intelfpga_lite/17.1/quartus/sopc_builder/bin -I C:/intelfpga_lite/17.1/quartus/../ip/altera/sopc_builder_ip/common -I C:/intelfpga_lite/17.1/quartus/../ip/altera/sopc_builder_ip/altera_avalon_jtag_uart -- C:/intelfpga_lite/17.1/quartus/../ip/altera/sopc_builder_ip/altera_avalon_jtag_uart/generate_rtl.pl --name=sopc_system_jtag_uart_0 --dir=C:/Users/user/AppData/Local/Temp/alt8348_4944866229980924728.dir/0004_jtag_uart_0_gen/ --quartus_dir=C:/intelfpga_lite/17.1/quartus --verilog --config=C:/Users/user/AppData/Local/Temp/alt8348_4944866229980924728.dir/0004_jtag_uart_0_gen//sopc_system_jtag_uart_0_component_configuration.pl  --do_build_sim=0  ]
Info: jtag_uart_0: Done RTL generation for module 'sopc_system_jtag_uart_0'
Info: jtag_uart_0: "sopc_system" instantiated altera_avalon_jtag_uart "jtag_uart_0"
Info: nios2_gen2_0: "sopc_system" instantiated altera_nios2_gen2 "nios2_gen2_0"
Info: onchip_memory2_0: Starting RTL generation for module 'sopc_system_onchip_memory2_0'
Info: onchip_memory2_0:   Generation command is [exec C:/intelfpga_lite/17.1/quartus/bin64/perl/bin/perl.exe -I C:/intelfpga_lite/17.1/quartus/bin64/perl/lib -I C:/intelfpga_lite/17.1/quartus/sopc_builder/bin/europa -I C:/intelfpga_lite/17.1/quartus/sopc_builder/bin/perl_lib -I C:/intelfpga_lite/17.1/quartus/sopc_builder/bin -I C:/intelfpga_lite/17.1/quartus/../ip/altera/sopc_builder_ip/common -I C:/intelfpga_lite/17.1/quartus/../ip/altera/sopc_builder_ip/altera_avalon_onchip_memory2 -- C:/intelfpga_lite/17.1/quartus/../ip/altera/sopc_builder_ip/altera_avalon_onchip_memory2/generate_rtl.pl --name=sopc_system_onchip_memory2_0 --dir=C:/Users/user/AppData/Local/Temp/alt8348_4944866229980924728.dir/0005_onchip_memory2_0_gen/ --quartus_dir=C:/intelfpga_lite/17.1/quartus --verilog --config=C:/Users/user/AppData/Local/Temp/alt8348_4944866229980924728.dir/0005_onchip_memory2_0_gen//sopc_system_onchip_memory2_0_component_configuration.pl  --do_build_sim=0  ]
Info: onchip_memory2_0: Done RTL generation for module 'sopc_system_onchip_memory2_0'
Info: onchip_memory2_0: "sopc_system" instantiated altera_avalon_onchip_memory2 "onchip_memory2_0"
Info: sys_sdram_pll_0: "sopc_system" instantiated altera_up_avalon_sys_sdram_pll "sys_sdram_pll_0"
Info: avalon_st_adapter: Inserting error_adapter: error_adapter_0
Info: avalon_st_adapter_001: Inserting error_adapter: error_adapter_0
Info: avalon_st_adapter_002: Inserting error_adapter: error_adapter_0
Info: avalon_st_adapter_003: Inserting error_adapter: error_adapter_0
Info: mm_interconnect_0: "sopc_system" instantiated altera_mm_interconnect "mm_interconnect_0"
Info: irq_mapper: "sopc_system" instantiated altera_irq_mapper "irq_mapper"
Info: rst_controller: "sopc_system" instantiated altera_reset_controller "rst_controller"
Info: cpu: Starting RTL generation for module 'sopc_system_nios2_gen2_0_cpu'
Info: cpu:   Generation command is [exec C:/intelFPGA_lite/17.1/quartus/bin64//eperlcmd.exe -I C:/intelFPGA_lite/17.1/quartus/bin64//perl/lib -I C:/intelfpga_lite/17.1/quartus/sopc_builder/bin/europa -I C:/intelfpga_lite/17.1/quartus/sopc_builder/bin/perl_lib -I C:/intelfpga_lite/17.1/quartus/sopc_builder/bin -I C:/intelfpga_lite/17.1/quartus/../ip/altera/nios2_ip/altera_nios2_gen2/cpu_lib -I C:/intelfpga_lite/17.1/quartus/../ip/altera/nios2_ip/altera_nios2_gen2/nios_lib -I C:/intelfpga_lite/17.1/quartus/../ip/altera/nios2_ip/altera_nios2_gen2 -I C:/intelfpga_lite/17.1/quartus/../ip/altera/nios2_ip/altera_nios2_gen2 -- C:/intelfpga_lite/17.1/quartus/../ip/altera/nios2_ip/altera_nios2_gen2/generate_rtl.epl --name=sopc_system_nios2_gen2_0_cpu --dir=C:/Users/user/AppData/Local/Temp/alt8348_4944866229980924728.dir/0008_cpu_gen/ --quartus_bindir=C:/intelFPGA_lite/17.1/quartus/bin64/ --verilog --config=C:/Users/user/AppData/Local/Temp/alt8348_4944866229980924728.dir/0008_cpu_gen//sopc_system_nios2_gen2_0_cpu_processor_configuration.pl  --do_build_sim=0  ]
Info: cpu: # 2020.03.27 14:46:57 (*) Starting Nios II generation
Info: cpu: # 2020.03.27 14:46:57 (*)   Checking for plaintext license.
Info: cpu: # 2020.03.27 14:46:58 (*)   Couldn't query license setup in Quartus directory C:/intelFPGA_lite/17.1/quartus/bin64/
Info: cpu: # 2020.03.27 14:46:58 (*)   Defaulting to contents of LM_LICENSE_FILE environment variable
Info: cpu: # 2020.03.27 14:46:58 (*)   LM_LICENSE_FILE environment variable is empty
Info: cpu: # 2020.03.27 14:46:58 (*)   Plaintext license not found.
Info: cpu: # 2020.03.27 14:46:58 (*)   Checking for encrypted license (non-evaluation).
Info: cpu: # 2020.03.27 14:46:59 (*)   Couldn't query license setup in Quartus directory C:/intelFPGA_lite/17.1/quartus/bin64/
Info: cpu: # 2020.03.27 14:46:59 (*)   Defaulting to contents of LM_LICENSE_FILE environment variable
Info: cpu: # 2020.03.27 14:46:59 (*)   LM_LICENSE_FILE environment variable is empty
Info: cpu: # 2020.03.27 14:46:59 (*)   Encrypted license not found.  Defaulting to OCP evaluation license (produces a time-limited SOF)
Info: cpu: # 2020.03.27 14:46:59 (*)   Elaborating CPU configuration settings
Info: cpu: # 2020.03.27 14:46:59 (*)   Creating all objects for CPU
Info: cpu: # 2020.03.27 14:46:59 (*)     Testbench
Info: cpu: # 2020.03.27 14:46:59 (*)     Instruction decoding
Info: cpu: # 2020.03.27 14:46:59 (*)       Instruction fields
Info: cpu: # 2020.03.27 14:46:59 (*)       Instruction decodes
Info: cpu: # 2020.03.27 14:47:00 (*)       Signals for RTL simulation waveforms
Info: cpu: # 2020.03.27 14:47:00 (*)       Instruction controls
Info: cpu: # 2020.03.27 14:47:00 (*)     Pipeline frontend
Info: cpu: # 2020.03.27 14:47:00 (*)     Pipeline backend
Info: cpu: # 2020.03.27 14:47:03 (*)   Generating RTL from CPU objects
Info: cpu: # 2020.03.27 14:47:05 (*)   Creating encrypted RTL
Info: cpu: # 2020.03.27 14:47:06 (*) Done Nios II generation
Info: cpu: Done RTL generation for module 'sopc_system_nios2_gen2_0_cpu'
Info: cpu: "nios2_gen2_0" instantiated altera_nios2_gen2_unit "cpu"
Info: sys_pll: "sys_sdram_pll_0" instantiated altera_pll "sys_pll"
Info: reset_from_locked: "sys_sdram_pll_0" instantiated altera_up_avalon_reset_from_locked_signal "reset_from_locked"
Info: nios2_gen2_0_data_master_translator: "mm_interconnect_0" instantiated altera_merlin_master_translator "nios2_gen2_0_data_master_translator"
Info: jtag_uart_0_avalon_jtag_slave_translator: "mm_interconnect_0" instantiated altera_merlin_slave_translator "jtag_uart_0_avalon_jtag_slave_translator"
Info: nios2_gen2_0_data_master_agent: "mm_interconnect_0" instantiated altera_merlin_master_agent "nios2_gen2_0_data_master_agent"
Info: jtag_uart_0_avalon_jtag_slave_agent: "mm_interconnect_0" instantiated altera_merlin_slave_agent "jtag_uart_0_avalon_jtag_slave_agent"
Info: jtag_uart_0_avalon_jtag_slave_agent_rsp_fifo: "mm_interconnect_0" instantiated altera_avalon_sc_fifo "jtag_uart_0_avalon_jtag_slave_agent_rsp_fifo"
Info: router: "mm_interconnect_0" instantiated altera_merlin_router "router"
Info: router_001: "mm_interconnect_0" instantiated altera_merlin_router "router_001"
Info: router_002: "mm_interconnect_0" instantiated altera_merlin_router "router_002"
Info: router_003: "mm_interconnect_0" instantiated altera_merlin_router "router_003"
Info: router_004: "mm_interconnect_0" instantiated altera_merlin_router "router_004"
Info: nios2_gen2_0_data_master_limiter: "mm_interconnect_0" instantiated altera_merlin_traffic_limiter "nios2_gen2_0_data_master_limiter"
Info: Reusing file E:/3TB_LABS/Lab4/lab4/lab4_restored/sopc_system/synthesis/submodules/altera_avalon_sc_fifo.v
Info: SDRAM_Controller_0_avalon_slave_0_burst_adapter: "mm_interconnect_0" instantiated altera_merlin_burst_adapter "SDRAM_Controller_0_avalon_slave_0_burst_adapter"
Info: Reusing file E:/3TB_LABS/Lab4/lab4/lab4_restored/sopc_system/synthesis/submodules/altera_avalon_st_pipeline_base.v
Info: cmd_demux: "mm_interconnect_0" instantiated altera_merlin_demultiplexer "cmd_demux"
Info: cmd_demux_001: "mm_interconnect_0" instantiated altera_merlin_demultiplexer "cmd_demux_001"
Info: cmd_mux: "mm_interconnect_0" instantiated altera_merlin_multiplexer "cmd_mux"
Info: cmd_mux_002: "mm_interconnect_0" instantiated altera_merlin_multiplexer "cmd_mux_002"
Info: Reusing file E:/3TB_LABS/Lab4/lab4/lab4_restored/sopc_system/synthesis/submodules/altera_merlin_arbitrator.sv
Info: rsp_demux: "mm_interconnect_0" instantiated altera_merlin_demultiplexer "rsp_demux"
Info: rsp_demux_002: "mm_interconnect_0" instantiated altera_merlin_demultiplexer "rsp_demux_002"
Info: rsp_mux: "mm_interconnect_0" instantiated altera_merlin_multiplexer "rsp_mux"
Info: Reusing file E:/3TB_LABS/Lab4/lab4/lab4_restored/sopc_system/synthesis/submodules/altera_merlin_arbitrator.sv
Info: rsp_mux_001: "mm_interconnect_0" instantiated altera_merlin_multiplexer "rsp_mux_001"
Info: Reusing file E:/3TB_LABS/Lab4/lab4/lab4_restored/sopc_system/synthesis/submodules/altera_merlin_arbitrator.sv
Info: SDRAM_Controller_0_avalon_slave_0_rsp_width_adapter: "mm_interconnect_0" instantiated altera_merlin_width_adapter "SDRAM_Controller_0_avalon_slave_0_rsp_width_adapter"
Info: Reusing file E:/3TB_LABS/Lab4/lab4/lab4_restored/sopc_system/synthesis/submodules/altera_merlin_address_alignment.sv
Info: Reusing file E:/3TB_LABS/Lab4/lab4/lab4_restored/sopc_system/synthesis/submodules/altera_merlin_burst_uncompressor.sv
Info: avalon_st_adapter: "mm_interconnect_0" instantiated altera_avalon_st_adapter "avalon_st_adapter"
Info: avalon_st_adapter_001: "mm_interconnect_0" instantiated altera_avalon_st_adapter "avalon_st_adapter_001"
Info: error_adapter_0: "avalon_st_adapter" instantiated error_adapter "error_adapter_0"
Info: error_adapter_0: "avalon_st_adapter_001" instantiated error_adapter "error_adapter_0"
Info: sopc_system: Done "sopc_system" with 37 modules, 66 files
Info: qsys-generate succeeded.
Info: Finished: Create HDL design files for synthesis
