Analysis & Synthesis report for part1
Wed Feb 12 16:50:06 2020
Quartus Prime Version 17.1.0 Build 590 10/25/2017 SJ Lite Edition


---------------------
; Table of Contents ;
---------------------
  1. Legal Notice
  2. Analysis & Synthesis Summary
  3. Analysis & Synthesis Settings
  4. Parallel Compilation
  5. Analysis & Synthesis Source Files Read
  6. Analysis & Synthesis Resource Usage Summary
  7. Analysis & Synthesis Resource Utilization by Entity
  8. User-Specified and Inferred Latches
  9. Registers Removed During Synthesis
 10. Removed Registers Triggering Further Register Optimizations
 11. General Register Statistics
 12. Parameter Settings for User Entity Instance: part1_clock:comb_17
 13. Port Connectivity Checks: "randomnum:comb_18"
 14. Post-Synthesis Netlist Statistics for Top Partition
 15. Elapsed Time Per Partition
 16. Analysis & Synthesis Messages
 17. Analysis & Synthesis Suppressed Messages



----------------
; Legal Notice ;
----------------
Copyright (C) 2017  Intel Corporation. All rights reserved.
Your use of Intel Corporation's design tools, logic functions 
and other software and tools, and its AMPP partner logic 
functions, and any output files from any of the foregoing 
(including device programming or simulation files), and any 
associated documentation or information are expressly subject 
to the terms and conditions of the Intel Program License 
Subscription Agreement, the Intel Quartus Prime License Agreement,
the Intel FPGA IP License Agreement, or other applicable license
agreement, including, without limitation, that your use is for
the sole purpose of programming logic devices manufactured by
Intel and sold by Intel or its authorized distributors.  Please
refer to the applicable agreement for further details.



+-------------------------------------------------------------------------------+
; Analysis & Synthesis Summary                                                  ;
+---------------------------------+---------------------------------------------+
; Analysis & Synthesis Status     ; Successful - Wed Feb 12 16:50:06 2020       ;
; Quartus Prime Version           ; 17.1.0 Build 590 10/25/2017 SJ Lite Edition ;
; Revision Name                   ; part1                                       ;
; Top-level Entity Name           ; part1total                                  ;
; Family                          ; Cyclone V                                   ;
; Logic utilization (in ALMs)     ; N/A                                         ;
; Total registers                 ; 0                                           ;
; Total pins                      ; 47                                          ;
; Total virtual pins              ; 0                                           ;
; Total block memory bits         ; 0                                           ;
; Total DSP Blocks                ; 0                                           ;
; Total HSSI RX PCSs              ; 0                                           ;
; Total HSSI PMA RX Deserializers ; 0                                           ;
; Total HSSI TX PCSs              ; 0                                           ;
; Total HSSI PMA TX Serializers   ; 0                                           ;
; Total PLLs                      ; 0                                           ;
; Total DLLs                      ; 0                                           ;
+---------------------------------+---------------------------------------------+


+---------------------------------------------------------------------------------------------------------------------------+
; Analysis & Synthesis Settings                                                                                             ;
+---------------------------------------------------------------------------------+--------------------+--------------------+
; Option                                                                          ; Setting            ; Default Value      ;
+---------------------------------------------------------------------------------+--------------------+--------------------+
; Device                                                                          ; 5CSEMA5F31C6       ;                    ;
; Top-level entity name                                                           ; part1total         ; part1              ;
; Family name                                                                     ; Cyclone V          ; Cyclone V          ;
; Use smart compilation                                                           ; Off                ; Off                ;
; Enable parallel Assembler and TimeQuest Timing Analyzer during compilation      ; On                 ; On                 ;
; Enable compact report table                                                     ; Off                ; Off                ;
; Restructure Multiplexers                                                        ; Auto               ; Auto               ;
; MLAB Add Timing Constraints For Mixed-Port Feed-Through Mode Setting Don't Care ; Off                ; Off                ;
; Create Debugging Nodes for IP Cores                                             ; Off                ; Off                ;
; Preserve fewer node names                                                       ; On                 ; On                 ;
; Intel FPGA IP Evaluation Mode                                                   ; Enable             ; Enable             ;
; Verilog Version                                                                 ; Verilog_2001       ; Verilog_2001       ;
; VHDL Version                                                                    ; VHDL_1993          ; VHDL_1993          ;
; State Machine Processing                                                        ; Auto               ; Auto               ;
; Safe State Machine                                                              ; Off                ; Off                ;
; Extract Verilog State Machines                                                  ; On                 ; On                 ;
; Extract VHDL State Machines                                                     ; On                 ; On                 ;
; Ignore Verilog initial constructs                                               ; Off                ; Off                ;
; Iteration limit for constant Verilog loops                                      ; 5000               ; 5000               ;
; Iteration limit for non-constant Verilog loops                                  ; 250                ; 250                ;
; Add Pass-Through Logic to Inferred RAMs                                         ; On                 ; On                 ;
; Infer RAMs from Raw Logic                                                       ; On                 ; On                 ;
; Parallel Synthesis                                                              ; On                 ; On                 ;
; DSP Block Balancing                                                             ; Auto               ; Auto               ;
; NOT Gate Push-Back                                                              ; On                 ; On                 ;
; Power-Up Don't Care                                                             ; On                 ; On                 ;
; Remove Redundant Logic Cells                                                    ; Off                ; Off                ;
; Remove Duplicate Registers                                                      ; On                 ; On                 ;
; Ignore CARRY Buffers                                                            ; Off                ; Off                ;
; Ignore CASCADE Buffers                                                          ; Off                ; Off                ;
; Ignore GLOBAL Buffers                                                           ; Off                ; Off                ;
; Ignore ROW GLOBAL Buffers                                                       ; Off                ; Off                ;
; Ignore LCELL Buffers                                                            ; Off                ; Off                ;
; Ignore SOFT Buffers                                                             ; On                 ; On                 ;
; Limit AHDL Integers to 32 Bits                                                  ; Off                ; Off                ;
; Optimization Technique                                                          ; Balanced           ; Balanced           ;
; Carry Chain Length                                                              ; 70                 ; 70                 ;
; Auto Carry Chains                                                               ; On                 ; On                 ;
; Auto Open-Drain Pins                                                            ; On                 ; On                 ;
; Perform WYSIWYG Primitive Resynthesis                                           ; Off                ; Off                ;
; Auto ROM Replacement                                                            ; On                 ; On                 ;
; Auto RAM Replacement                                                            ; On                 ; On                 ;
; Auto DSP Block Replacement                                                      ; On                 ; On                 ;
; Auto Shift Register Replacement                                                 ; Auto               ; Auto               ;
; Allow Shift Register Merging across Hierarchies                                 ; Auto               ; Auto               ;
; Auto Clock Enable Replacement                                                   ; On                 ; On                 ;
; Strict RAM Replacement                                                          ; Off                ; Off                ;
; Allow Synchronous Control Signals                                               ; On                 ; On                 ;
; Force Use of Synchronous Clear Signals                                          ; Off                ; Off                ;
; Auto Resource Sharing                                                           ; Off                ; Off                ;
; Allow Any RAM Size For Recognition                                              ; Off                ; Off                ;
; Allow Any ROM Size For Recognition                                              ; Off                ; Off                ;
; Allow Any Shift Register Size For Recognition                                   ; Off                ; Off                ;
; Use LogicLock Constraints during Resource Balancing                             ; On                 ; On                 ;
; Ignore translate_off and synthesis_off directives                               ; Off                ; Off                ;
; Timing-Driven Synthesis                                                         ; On                 ; On                 ;
; Report Parameter Settings                                                       ; On                 ; On                 ;
; Report Source Assignments                                                       ; On                 ; On                 ;
; Report Connectivity Checks                                                      ; On                 ; On                 ;
; Ignore Maximum Fan-Out Assignments                                              ; Off                ; Off                ;
; Synchronization Register Chain Length                                           ; 3                  ; 3                  ;
; Power Optimization During Synthesis                                             ; Normal compilation ; Normal compilation ;
; HDL message level                                                               ; Level2             ; Level2             ;
; Suppress Register Optimization Related Messages                                 ; Off                ; Off                ;
; Number of Removed Registers Reported in Synthesis Report                        ; 5000               ; 5000               ;
; Number of Swept Nodes Reported in Synthesis Report                              ; 5000               ; 5000               ;
; Number of Inverted Registers Reported in Synthesis Report                       ; 100                ; 100                ;
; Clock MUX Protection                                                            ; On                 ; On                 ;
; Auto Gated Clock Conversion                                                     ; Off                ; Off                ;
; Block Design Naming                                                             ; Auto               ; Auto               ;
; SDC constraint protection                                                       ; Off                ; Off                ;
; Synthesis Effort                                                                ; Auto               ; Auto               ;
; Shift Register Replacement - Allow Asynchronous Clear Signal                    ; On                 ; On                 ;
; Pre-Mapping Resynthesis Optimization                                            ; Off                ; Off                ;
; Analysis & Synthesis Message Level                                              ; Medium             ; Medium             ;
; Disable Register Merging Across Hierarchies                                     ; Auto               ; Auto               ;
; Resource Aware Inference For Block RAM                                          ; On                 ; On                 ;
; Automatic Parallel Synthesis                                                    ; On                 ; On                 ;
; Partial Reconfiguration Bitstream ID                                            ; Off                ; Off                ;
+---------------------------------------------------------------------------------+--------------------+--------------------+


+------------------------------------------+
; Parallel Compilation                     ;
+----------------------------+-------------+
; Processors                 ; Number      ;
+----------------------------+-------------+
; Number detected on machine ; 12          ;
; Maximum allowed            ; 6           ;
;                            ;             ;
; Average used               ; 1.00        ;
; Maximum used               ; 6           ;
;                            ;             ;
; Usage by Processor         ; % Time Used ;
;     Processor 1            ; 100.0%      ;
;     Processors 2-6         ;   0.0%      ;
+----------------------------+-------------+


+-----------------------------------------------------------------------------------------------------------------------------------------+
; Analysis & Synthesis Source Files Read                                                                                                  ;
+----------------------------------+-----------------+------------------------+-------------------------------------------------+---------+
; File Name with User-Entered Path ; Used in Netlist ; File Type              ; File Name with Absolute Path                    ; Library ;
+----------------------------------+-----------------+------------------------+-------------------------------------------------+---------+
; randomnum.v                      ; yes             ; User Verilog HDL File  ; C:/intelFPGA_lite/17.1/Lab2/randomnum.v         ;         ;
; part1_sevenseg.v                 ; yes             ; User Verilog HDL File  ; C:/intelFPGA_lite/17.1/Lab2/part1_sevenseg.v    ;         ;
; part1total.v                     ; yes             ; User Verilog HDL File  ; C:/intelFPGA_lite/17.1/Lab2/part1total.v        ;         ;
; display_converter.v              ; yes             ; User Verilog HDL File  ; C:/intelFPGA_lite/17.1/Lab2/display_converter.v ;         ;
; part1_clock.v                    ; yes             ; User Verilog HDL File  ; C:/intelFPGA_lite/17.1/Lab2/part1_clock.v       ;         ;
+----------------------------------+-----------------+------------------------+-------------------------------------------------+---------+


+---------------------------------------------------------------------------------------------+
; Analysis & Synthesis Resource Usage Summary                                                 ;
+---------------------------------------------+-----------------------------------------------+
; Resource                                    ; Usage                                         ;
+---------------------------------------------+-----------------------------------------------+
; Estimate of Logic utilization (ALMs needed) ; 53                                            ;
;                                             ;                                               ;
; Combinational ALUT usage for logic          ; 90                                            ;
;     -- 7 input functions                    ; 0                                             ;
;     -- 6 input functions                    ; 16                                            ;
;     -- 5 input functions                    ; 20                                            ;
;     -- 4 input functions                    ; 26                                            ;
;     -- <=3 input functions                  ; 28                                            ;
;                                             ;                                               ;
; Dedicated logic registers                   ; 0                                             ;
;                                             ;                                               ;
; I/O pins                                    ; 47                                            ;
;                                             ;                                               ;
; Total DSP Blocks                            ; 0                                             ;
;                                             ;                                               ;
; Maximum fan-out node                        ; display_converter:comb_19|bcd_digit[3][1]_687 ;
; Maximum fan-out                             ; 23                                            ;
; Total fan-out                               ; 441                                           ;
; Average fan-out                             ; 2.40                                          ;
+---------------------------------------------+-----------------------------------------------+


+--------------------------------------------------------------------------------------------------------------------------------------------------------------------------------------------------------------------+
; Analysis & Synthesis Resource Utilization by Entity                                                                                                                                                                ;
+--------------------------------+---------------------+---------------------------+-------------------+------------+------+--------------+---------------------------------------+-------------------+--------------+
; Compilation Hierarchy Node     ; Combinational ALUTs ; Dedicated Logic Registers ; Block Memory Bits ; DSP Blocks ; Pins ; Virtual Pins ; Full Hierarchy Name                   ; Entity Name       ; Library Name ;
+--------------------------------+---------------------+---------------------------+-------------------+------------+------+--------------+---------------------------------------+-------------------+--------------+
; |part1total                    ; 90 (0)              ; 0 (0)                     ; 0                 ; 0          ; 47   ; 0            ; |part1total                           ; part1total        ; work         ;
;    |display_converter:comb_19| ; 69 (69)             ; 0 (0)                     ; 0                 ; 0          ; 0    ; 0            ; |part1total|display_converter:comb_19 ; display_converter ; work         ;
;    |part1_sevenseg:decoder3|   ; 7 (7)               ; 0 (0)                     ; 0                 ; 0          ; 0    ; 0            ; |part1total|part1_sevenseg:decoder3   ; part1_sevenseg    ; work         ;
;    |part1_sevenseg:decoder4|   ; 7 (7)               ; 0 (0)                     ; 0                 ; 0          ; 0    ; 0            ; |part1total|part1_sevenseg:decoder4   ; part1_sevenseg    ; work         ;
;    |part1_sevenseg:decoder5|   ; 7 (7)               ; 0 (0)                     ; 0                 ; 0          ; 0    ; 0            ; |part1total|part1_sevenseg:decoder5   ; part1_sevenseg    ; work         ;
+--------------------------------+---------------------+---------------------------+-------------------+------------+------+--------------+---------------------------------------+-------------------+--------------+
Note: For table entries with two numbers listed, the numbers in parentheses indicate the number of resources of the given type used by the specific entity alone. The numbers listed outside of parentheses indicate the total resources of the given type used by the specific entity and all of its sub-entities in the hierarchy.


+--------------------------------------------------------------------------------------------------------------------+
; User-Specified and Inferred Latches                                                                                ;
+-----------------------------------------------------+-------------------------------------+------------------------+
; Latch Name                                          ; Latch Enable Signal                 ; Free of Timing Hazards ;
+-----------------------------------------------------+-------------------------------------+------------------------+
; display_converter:comb_19|bcd_digit[1][1]_639       ; display_converter:comb_19|LessThan4 ; yes                    ;
; display_converter:comb_19|bcd_digit[1][2]_645       ; display_converter:comb_19|LessThan4 ; yes                    ;
; display_converter:comb_19|bcd_digit[1][3]_651       ; display_converter:comb_19|LessThan4 ; yes                    ;
; display_converter:comb_19|bcd_digit[2][2]_669       ; display_converter:comb_19|LessThan3 ; yes                    ;
; display_converter:comb_19|bcd_digit[2][1]_663       ; display_converter:comb_19|LessThan3 ; yes                    ;
; display_converter:comb_19|bcd_digit[2][0]_657       ; display_converter:comb_19|LessThan3 ; yes                    ;
; display_converter:comb_19|bcd_digit[2][3]_675       ; display_converter:comb_19|LessThan3 ; yes                    ;
; display_converter:comb_19|bcd_digit[3][2]_693       ; display_converter:comb_19|LessThan2 ; yes                    ;
; display_converter:comb_19|bcd_digit[3][1]_687       ; display_converter:comb_19|LessThan2 ; yes                    ;
; display_converter:comb_19|bcd_digit[3][0]_681       ; display_converter:comb_19|LessThan2 ; yes                    ;
; display_converter:comb_19|bcd_digit[3][3]_699       ; display_converter:comb_19|LessThan2 ; yes                    ;
; display_converter:comb_19|bcd_digit[4][2]_717       ; display_converter:comb_19|LessThan1 ; yes                    ;
; display_converter:comb_19|bcd_digit[4][1]_711       ; display_converter:comb_19|LessThan1 ; yes                    ;
; display_converter:comb_19|bcd_digit[4][0]_705       ; display_converter:comb_19|LessThan1 ; yes                    ;
; display_converter:comb_19|bcd_digit[4][3]_723       ; display_converter:comb_19|LessThan1 ; yes                    ;
; display_converter:comb_19|bcd_digit[5][2]_741       ; display_converter:comb_19|LessThan0 ; yes                    ;
; display_converter:comb_19|bcd_digit[5][1]_735       ; display_converter:comb_19|LessThan0 ; yes                    ;
; display_converter:comb_19|bcd_digit[5][0]_729       ; display_converter:comb_19|LessThan0 ; yes                    ;
; Number of user-specified and inferred latches = 18  ;                                     ;                        ;
+-----------------------------------------------------+-------------------------------------+------------------------+
Note: All latches listed above may not be present at the end of synthesis due to various synthesis optimizations.


+--------------------------------------------------------------------------------+
; Registers Removed During Synthesis                                             ;
+-----------------------------------------+--------------------------------------+
; Register name                           ; Reason for Removal                   ;
+-----------------------------------------+--------------------------------------+
; part1_clock:comb_17|clk_ms              ; Stuck at GND due to stuck port clock ;
; part1_clock:comb_17|countQ[0..31]       ; Stuck at GND due to stuck port clock ;
; randomnum:comb_18|random[1..13]         ; Stuck at GND due to stuck port clock ;
; randomnum:comb_18|reg_values[1,3,5]     ; Lost fanout                          ;
; randomnum:comb_18|reg_values[12]        ; Stuck at VCC due to stuck port clock ;
; randomnum:comb_18|reg_values[8..11]     ; Stuck at GND due to stuck port clock ;
; randomnum:comb_18|reg_values[0,2,4,6,7] ; Stuck at VCC due to stuck port clock ;
; Total Number of Removed Registers = 59  ;                                      ;
+-----------------------------------------+--------------------------------------+


+----------------------------------------------------------------------------------------------------------------------------+
; Removed Registers Triggering Further Register Optimizations                                                                ;
+----------------------------+-------------------------+---------------------------------------------------------------------+
; Register name              ; Reason for Removal      ; Registers Removed due to This Register                              ;
+----------------------------+-------------------------+---------------------------------------------------------------------+
; part1_clock:comb_17|clk_ms ; Stuck at GND            ; randomnum:comb_18|random[13], randomnum:comb_18|random[12],         ;
;                            ; due to stuck port clock ; randomnum:comb_18|random[11], randomnum:comb_18|random[10],         ;
;                            ;                         ; randomnum:comb_18|random[9], randomnum:comb_18|random[8],           ;
;                            ;                         ; randomnum:comb_18|random[7], randomnum:comb_18|random[6],           ;
;                            ;                         ; randomnum:comb_18|random[5], randomnum:comb_18|random[4],           ;
;                            ;                         ; randomnum:comb_18|random[3], randomnum:comb_18|random[2],           ;
;                            ;                         ; randomnum:comb_18|random[1], randomnum:comb_18|reg_values[12],      ;
;                            ;                         ; randomnum:comb_18|reg_values[11], randomnum:comb_18|reg_values[10], ;
;                            ;                         ; randomnum:comb_18|reg_values[9], randomnum:comb_18|reg_values[8],   ;
;                            ;                         ; randomnum:comb_18|reg_values[7], randomnum:comb_18|reg_values[6],   ;
;                            ;                         ; randomnum:comb_18|reg_values[4], randomnum:comb_18|reg_values[2],   ;
;                            ;                         ; randomnum:comb_18|reg_values[0]                                     ;
+----------------------------+-------------------------+---------------------------------------------------------------------+


+------------------------------------------------------+
; General Register Statistics                          ;
+----------------------------------------------+-------+
; Statistic                                    ; Value ;
+----------------------------------------------+-------+
; Total registers                              ; 0     ;
; Number of registers using Synchronous Clear  ; 0     ;
; Number of registers using Synchronous Load   ; 0     ;
; Number of registers using Asynchronous Clear ; 0     ;
; Number of registers using Asynchronous Load  ; 0     ;
; Number of registers using Clock Enable       ; 0     ;
; Number of registers using Preset             ; 0     ;
+----------------------------------------------+-------+


+------------------------------------------------------------------+
; Parameter Settings for User Entity Instance: part1_clock:comb_17 ;
+----------------+---------+---------------------------------------+
; Parameter Name ; Value   ; Type                                  ;
+----------------+---------+---------------------------------------+
; factor         ; 5000000 ; Signed Integer                        ;
+----------------+---------+---------------------------------------+
Note: In order to hide this table in the UI and the text report file, please set the "Show Parameter Settings in Synthesis Report" option in "Analysis and Synthesis Settings -> More Settings" to "Off".


+---------------------------------------------------------------------------------------------------------------------+
; Port Connectivity Checks: "randomnum:comb_18"                                                                       ;
+-----------+--------+----------+-------------------------------------------------------------------------------------+
; Port      ; Type   ; Severity ; Details                                                                             ;
+-----------+--------+----------+-------------------------------------------------------------------------------------+
; rnd_ready ; Output ; Info     ; Connected to dangling logic. Logic that only feeds a dangling port will be removed. ;
+-----------+--------+----------+-------------------------------------------------------------------------------------+


+-----------------------------------------------------+
; Post-Synthesis Netlist Statistics for Top Partition ;
+-----------------------+-----------------------------+
; Type                  ; Count                       ;
+-----------------------+-----------------------------+
; arriav_lcell_comb     ; 98                          ;
;     normal            ; 98                          ;
;         0 data inputs ; 2                           ;
;         1 data inputs ; 6                           ;
;         2 data inputs ; 11                          ;
;         3 data inputs ; 17                          ;
;         4 data inputs ; 26                          ;
;         5 data inputs ; 20                          ;
;         6 data inputs ; 16                          ;
; boundary_port         ; 47                          ;
;                       ;                             ;
; Max LUT depth         ; 8.00                        ;
; Average LUT depth     ; 5.23                        ;
+-----------------------+-----------------------------+


+-------------------------------+
; Elapsed Time Per Partition    ;
+----------------+--------------+
; Partition Name ; Elapsed Time ;
+----------------+--------------+
; Top            ; 00:00:14     ;
+----------------+--------------+


+-------------------------------+
; Analysis & Synthesis Messages ;
+-------------------------------+
Info: *******************************************************************
Info: Running Quartus Prime Analysis & Synthesis
    Info: Version 17.1.0 Build 590 10/25/2017 SJ Lite Edition
    Info: Processing started: Wed Feb 12 16:49:42 2020
Info: Command: quartus_map --read_settings_files=on --write_settings_files=off part1 -c part1
Warning (18236): Number of processors has not been specified which may cause overloading on shared machines.  Set the global assignment NUM_PARALLEL_PROCESSORS in your QSF to an appropriate value for best performance.
Info (20030): Parallel compilation is enabled and will use 6 of the 6 processors detected
Info (12021): Found 1 design units, including 1 entities, in source file randomnum.v
    Info (12023): Found entity 1: randomnum File: C:/intelFPGA_lite/17.1/Lab2/randomnum.v Line: 1
Info (12021): Found 1 design units, including 1 entities, in source file part1_sevenseg.v
    Info (12023): Found entity 1: part1_sevenseg File: C:/intelFPGA_lite/17.1/Lab2/part1_sevenseg.v Line: 1
Info (12021): Found 1 design units, including 1 entities, in source file part1total.v
    Info (12023): Found entity 1: part1total File: C:/intelFPGA_lite/17.1/Lab2/part1total.v Line: 1
Info (12021): Found 1 design units, including 1 entities, in source file display_converter.v
    Info (12023): Found entity 1: display_converter File: C:/intelFPGA_lite/17.1/Lab2/display_converter.v Line: 1
Info (12021): Found 1 design units, including 1 entities, in source file part1_clock.v
    Info (12023): Found entity 1: part1_clock File: C:/intelFPGA_lite/17.1/Lab2/part1_clock.v Line: 1
Warning (10236): Verilog HDL Implicit Net warning at part1total.v(8): created implicit net for "CLOCK_50" File: C:/intelFPGA_lite/17.1/Lab2/part1total.v Line: 8
Critical Warning (10846): Verilog HDL Instantiation warning at part1total.v(8): instance has no name File: C:/intelFPGA_lite/17.1/Lab2/part1total.v Line: 8
Critical Warning (10846): Verilog HDL Instantiation warning at part1total.v(9): instance has no name File: C:/intelFPGA_lite/17.1/Lab2/part1total.v Line: 9
Critical Warning (10846): Verilog HDL Instantiation warning at part1total.v(10): instance has no name File: C:/intelFPGA_lite/17.1/Lab2/part1total.v Line: 10
Info (12127): Elaborating entity "part1total" for the top level hierarchy
Info (12128): Elaborating entity "part1_clock" for hierarchy "part1_clock:comb_17" File: C:/intelFPGA_lite/17.1/Lab2/part1total.v Line: 8
Info (12128): Elaborating entity "randomnum" for hierarchy "randomnum:comb_18" File: C:/intelFPGA_lite/17.1/Lab2/part1total.v Line: 9
Warning (10240): Verilog HDL Always Construct warning at randomnum.v(10): inferring latch(es) for variable "enable", which holds its previous value in one or more paths through the always construct File: C:/intelFPGA_lite/17.1/Lab2/randomnum.v Line: 10
Info (10041): Inferred latch for "enable" at randomnum.v(10) File: C:/intelFPGA_lite/17.1/Lab2/randomnum.v Line: 10
Info (12128): Elaborating entity "display_converter" for hierarchy "display_converter:comb_19" File: C:/intelFPGA_lite/17.1/Lab2/part1total.v Line: 10
Warning (10230): Verilog HDL assignment warning at display_converter.v(35): truncated value with size 32 to match size of target (4) File: C:/intelFPGA_lite/17.1/Lab2/display_converter.v Line: 35
Info (10041): Inferred latch for "bcd_digit[0][0]" at display_converter.v(33) File: C:/intelFPGA_lite/17.1/Lab2/display_converter.v Line: 33
Info (10041): Inferred latch for "bcd_digit[0][1]" at display_converter.v(33) File: C:/intelFPGA_lite/17.1/Lab2/display_converter.v Line: 33
Info (10041): Inferred latch for "bcd_digit[0][2]" at display_converter.v(33) File: C:/intelFPGA_lite/17.1/Lab2/display_converter.v Line: 33
Info (10041): Inferred latch for "bcd_digit[0][3]" at display_converter.v(33) File: C:/intelFPGA_lite/17.1/Lab2/display_converter.v Line: 33
Info (10041): Inferred latch for "bcd_digit[1][0]" at display_converter.v(33) File: C:/intelFPGA_lite/17.1/Lab2/display_converter.v Line: 33
Info (10041): Inferred latch for "bcd_digit[1][1]" at display_converter.v(33) File: C:/intelFPGA_lite/17.1/Lab2/display_converter.v Line: 33
Info (10041): Inferred latch for "bcd_digit[1][2]" at display_converter.v(33) File: C:/intelFPGA_lite/17.1/Lab2/display_converter.v Line: 33
Info (10041): Inferred latch for "bcd_digit[1][3]" at display_converter.v(33) File: C:/intelFPGA_lite/17.1/Lab2/display_converter.v Line: 33
Info (10041): Inferred latch for "bcd_digit[2][0]" at display_converter.v(33) File: C:/intelFPGA_lite/17.1/Lab2/display_converter.v Line: 33
Info (10041): Inferred latch for "bcd_digit[2][1]" at display_converter.v(33) File: C:/intelFPGA_lite/17.1/Lab2/display_converter.v Line: 33
Info (10041): Inferred latch for "bcd_digit[2][2]" at display_converter.v(33) File: C:/intelFPGA_lite/17.1/Lab2/display_converter.v Line: 33
Info (10041): Inferred latch for "bcd_digit[2][3]" at display_converter.v(33) File: C:/intelFPGA_lite/17.1/Lab2/display_converter.v Line: 33
Info (10041): Inferred latch for "bcd_digit[3][0]" at display_converter.v(33) File: C:/intelFPGA_lite/17.1/Lab2/display_converter.v Line: 33
Info (10041): Inferred latch for "bcd_digit[3][1]" at display_converter.v(33) File: C:/intelFPGA_lite/17.1/Lab2/display_converter.v Line: 33
Info (10041): Inferred latch for "bcd_digit[3][2]" at display_converter.v(33) File: C:/intelFPGA_lite/17.1/Lab2/display_converter.v Line: 33
Info (10041): Inferred latch for "bcd_digit[3][3]" at display_converter.v(33) File: C:/intelFPGA_lite/17.1/Lab2/display_converter.v Line: 33
Info (10041): Inferred latch for "bcd_digit[4][0]" at display_converter.v(33) File: C:/intelFPGA_lite/17.1/Lab2/display_converter.v Line: 33
Info (10041): Inferred latch for "bcd_digit[4][1]" at display_converter.v(33) File: C:/intelFPGA_lite/17.1/Lab2/display_converter.v Line: 33
Info (10041): Inferred latch for "bcd_digit[4][2]" at display_converter.v(33) File: C:/intelFPGA_lite/17.1/Lab2/display_converter.v Line: 33
Info (10041): Inferred latch for "bcd_digit[4][3]" at display_converter.v(33) File: C:/intelFPGA_lite/17.1/Lab2/display_converter.v Line: 33
Info (10041): Inferred latch for "bcd_digit[5][0]" at display_converter.v(33) File: C:/intelFPGA_lite/17.1/Lab2/display_converter.v Line: 33
Info (10041): Inferred latch for "bcd_digit[5][1]" at display_converter.v(33) File: C:/intelFPGA_lite/17.1/Lab2/display_converter.v Line: 33
Info (10041): Inferred latch for "bcd_digit[5][2]" at display_converter.v(33) File: C:/intelFPGA_lite/17.1/Lab2/display_converter.v Line: 33
Info (12128): Elaborating entity "part1_sevenseg" for hierarchy "part1_sevenseg:decoder0" File: C:/intelFPGA_lite/17.1/Lab2/part1total.v Line: 11
Warning (13012): Latch display_converter:comb_19|bcd_digit[1][1]_639 has unsafe behavior File: C:/intelFPGA_lite/17.1/Lab2/display_converter.v Line: 33
    Warning (13013): Ports D and ENA on the latch are fed by the same signal display_converter:comb_19|bcd_digit[1][1]_639 File: C:/intelFPGA_lite/17.1/Lab2/display_converter.v Line: 33
Warning (13012): Latch display_converter:comb_19|bcd_digit[1][2]_645 has unsafe behavior File: C:/intelFPGA_lite/17.1/Lab2/display_converter.v Line: 33
    Warning (13013): Ports D and ENA on the latch are fed by the same signal display_converter:comb_19|bcd_digit[1][1]_639 File: C:/intelFPGA_lite/17.1/Lab2/display_converter.v Line: 33
Warning (13012): Latch display_converter:comb_19|bcd_digit[1][3]_651 has unsafe behavior File: C:/intelFPGA_lite/17.1/Lab2/display_converter.v Line: 33
    Warning (13013): Ports D and ENA on the latch are fed by the same signal display_converter:comb_19|bcd_digit[1][1]_639 File: C:/intelFPGA_lite/17.1/Lab2/display_converter.v Line: 33
Warning (13012): Latch display_converter:comb_19|bcd_digit[2][2]_669 has unsafe behavior File: C:/intelFPGA_lite/17.1/Lab2/display_converter.v Line: 33
    Warning (13013): Ports D and ENA on the latch are fed by the same signal display_converter:comb_19|bcd_digit_2[2]~synth File: C:/intelFPGA_lite/17.1/Lab2/display_converter.v Line: 5
Warning (13012): Latch display_converter:comb_19|bcd_digit[2][1]_663 has unsafe behavior File: C:/intelFPGA_lite/17.1/Lab2/display_converter.v Line: 33
    Warning (13013): Ports D and ENA on the latch are fed by the same signal display_converter:comb_19|bcd_digit_2[0]~synth File: C:/intelFPGA_lite/17.1/Lab2/display_converter.v Line: 5
Warning (13012): Latch display_converter:comb_19|bcd_digit[2][0]_657 has unsafe behavior File: C:/intelFPGA_lite/17.1/Lab2/display_converter.v Line: 33
    Warning (13013): Ports D and ENA on the latch are fed by the same signal display_converter:comb_19|bcd_digit_2[0]~synth File: C:/intelFPGA_lite/17.1/Lab2/display_converter.v Line: 5
Warning (13012): Latch display_converter:comb_19|bcd_digit[2][3]_675 has unsafe behavior File: C:/intelFPGA_lite/17.1/Lab2/display_converter.v Line: 33
    Warning (13013): Ports D and ENA on the latch are fed by the same signal display_converter:comb_19|bcd_digit_2[3]~synth File: C:/intelFPGA_lite/17.1/Lab2/display_converter.v Line: 5
Warning (13012): Latch display_converter:comb_19|bcd_digit[3][2]_693 has unsafe behavior File: C:/intelFPGA_lite/17.1/Lab2/display_converter.v Line: 33
    Warning (13013): Ports D and ENA on the latch are fed by the same signal display_converter:comb_19|bcd_digit_3[2]~synth File: C:/intelFPGA_lite/17.1/Lab2/display_converter.v Line: 5
Warning (13012): Latch display_converter:comb_19|bcd_digit[3][1]_687 has unsafe behavior File: C:/intelFPGA_lite/17.1/Lab2/display_converter.v Line: 33
    Warning (13013): Ports D and ENA on the latch are fed by the same signal display_converter:comb_19|bcd_digit_3[0]~synth File: C:/intelFPGA_lite/17.1/Lab2/display_converter.v Line: 5
Warning (13012): Latch display_converter:comb_19|bcd_digit[3][0]_681 has unsafe behavior File: C:/intelFPGA_lite/17.1/Lab2/display_converter.v Line: 33
    Warning (13013): Ports D and ENA on the latch are fed by the same signal display_converter:comb_19|bcd_digit_3[0]~synth File: C:/intelFPGA_lite/17.1/Lab2/display_converter.v Line: 5
Warning (13012): Latch display_converter:comb_19|bcd_digit[3][3]_699 has unsafe behavior File: C:/intelFPGA_lite/17.1/Lab2/display_converter.v Line: 33
    Warning (13013): Ports D and ENA on the latch are fed by the same signal display_converter:comb_19|bcd_digit_3[3]~synth File: C:/intelFPGA_lite/17.1/Lab2/display_converter.v Line: 5
Warning (13012): Latch display_converter:comb_19|bcd_digit[4][2]_717 has unsafe behavior File: C:/intelFPGA_lite/17.1/Lab2/display_converter.v Line: 33
    Warning (13013): Ports D and ENA on the latch are fed by the same signal display_converter:comb_19|bcd_digit_4[2]~synth File: C:/intelFPGA_lite/17.1/Lab2/display_converter.v Line: 5
Warning (13012): Latch display_converter:comb_19|bcd_digit[4][1]_711 has unsafe behavior File: C:/intelFPGA_lite/17.1/Lab2/display_converter.v Line: 33
    Warning (13013): Ports D and ENA on the latch are fed by the same signal display_converter:comb_19|bcd_digit_4[0]~synth File: C:/intelFPGA_lite/17.1/Lab2/display_converter.v Line: 5
Warning (13012): Latch display_converter:comb_19|bcd_digit[4][0]_705 has unsafe behavior File: C:/intelFPGA_lite/17.1/Lab2/display_converter.v Line: 33
    Warning (13013): Ports D and ENA on the latch are fed by the same signal display_converter:comb_19|bcd_digit_4[0]~synth File: C:/intelFPGA_lite/17.1/Lab2/display_converter.v Line: 5
Warning (13012): Latch display_converter:comb_19|bcd_digit[4][3]_723 has unsafe behavior File: C:/intelFPGA_lite/17.1/Lab2/display_converter.v Line: 33
    Warning (13013): Ports D and ENA on the latch are fed by the same signal display_converter:comb_19|bcd_digit_4[3]~synth File: C:/intelFPGA_lite/17.1/Lab2/display_converter.v Line: 5
Warning (13012): Latch display_converter:comb_19|bcd_digit[5][2]_741 has unsafe behavior File: C:/intelFPGA_lite/17.1/Lab2/display_converter.v Line: 33
    Warning (13013): Ports D and ENA on the latch are fed by the same signal display_converter:comb_19|bcd_digit_5[2]~synth File: C:/intelFPGA_lite/17.1/Lab2/display_converter.v Line: 6
Warning (13012): Latch display_converter:comb_19|bcd_digit[5][1]_735 has unsafe behavior File: C:/intelFPGA_lite/17.1/Lab2/display_converter.v Line: 33
    Warning (13013): Ports D and ENA on the latch are fed by the same signal display_converter:comb_19|bcd_digit_5[0]~synth File: C:/intelFPGA_lite/17.1/Lab2/display_converter.v Line: 6
Warning (13012): Latch display_converter:comb_19|bcd_digit[5][0]_729 has unsafe behavior File: C:/intelFPGA_lite/17.1/Lab2/display_converter.v Line: 33
    Warning (13013): Ports D and ENA on the latch are fed by the same signal display_converter:comb_19|bcd_digit_5[0]~synth File: C:/intelFPGA_lite/17.1/Lab2/display_converter.v Line: 6
Warning (13024): Output pins are stuck at VCC or GND
    Warning (13410): Pin "HEX0[0]" is stuck at GND File: C:/intelFPGA_lite/17.1/Lab2/part1total.v Line: 1
    Warning (13410): Pin "HEX0[1]" is stuck at GND File: C:/intelFPGA_lite/17.1/Lab2/part1total.v Line: 1
    Warning (13410): Pin "HEX0[2]" is stuck at GND File: C:/intelFPGA_lite/17.1/Lab2/part1total.v Line: 1
    Warning (13410): Pin "HEX0[3]" is stuck at VCC File: C:/intelFPGA_lite/17.1/Lab2/part1total.v Line: 1
    Warning (13410): Pin "HEX0[4]" is stuck at VCC File: C:/intelFPGA_lite/17.1/Lab2/part1total.v Line: 1
    Warning (13410): Pin "HEX0[5]" is stuck at GND File: C:/intelFPGA_lite/17.1/Lab2/part1total.v Line: 1
    Warning (13410): Pin "HEX0[6]" is stuck at GND File: C:/intelFPGA_lite/17.1/Lab2/part1total.v Line: 1
    Warning (13410): Pin "HEX1[0]" is stuck at GND File: C:/intelFPGA_lite/17.1/Lab2/part1total.v Line: 1
    Warning (13410): Pin "HEX1[1]" is stuck at GND File: C:/intelFPGA_lite/17.1/Lab2/part1total.v Line: 1
    Warning (13410): Pin "HEX1[2]" is stuck at GND File: C:/intelFPGA_lite/17.1/Lab2/part1total.v Line: 1
    Warning (13410): Pin "HEX1[3]" is stuck at GND File: C:/intelFPGA_lite/17.1/Lab2/part1total.v Line: 1
    Warning (13410): Pin "HEX1[4]" is stuck at VCC File: C:/intelFPGA_lite/17.1/Lab2/part1total.v Line: 1
    Warning (13410): Pin "HEX1[5]" is stuck at GND File: C:/intelFPGA_lite/17.1/Lab2/part1total.v Line: 1
    Warning (13410): Pin "HEX1[6]" is stuck at GND File: C:/intelFPGA_lite/17.1/Lab2/part1total.v Line: 1
    Warning (13410): Pin "HEX2[2]" is stuck at GND File: C:/intelFPGA_lite/17.1/Lab2/part1total.v Line: 1
    Warning (13410): Pin "HEX2[4]" is stuck at VCC File: C:/intelFPGA_lite/17.1/Lab2/part1total.v Line: 1
Info (286030): Timing-Driven Synthesis is running
Info (17049): 3 registers lost all their fanouts during netlist optimizations.
Info (144001): Generated suppressed messages file C:/intelFPGA_lite/17.1/Lab2/output_files/part1.map.smsg
Info (16010): Generating hard_block partition "hard_block:auto_generated_inst"
    Info (16011): Adding 0 node(s), including 0 DDIO, 0 PLL, 0 transceiver and 0 LCELL
Warning (21074): Design contains 5 input pin(s) that do not drive logic
    Warning (15610): No output dependent on input pin "CLK_50" File: C:/intelFPGA_lite/17.1/Lab2/part1total.v Line: 1
    Warning (15610): No output dependent on input pin "KEY[0]" File: C:/intelFPGA_lite/17.1/Lab2/part1total.v Line: 1
    Warning (15610): No output dependent on input pin "KEY[1]" File: C:/intelFPGA_lite/17.1/Lab2/part1total.v Line: 1
    Warning (15610): No output dependent on input pin "KEY[2]" File: C:/intelFPGA_lite/17.1/Lab2/part1total.v Line: 1
    Warning (15610): No output dependent on input pin "KEY[3]" File: C:/intelFPGA_lite/17.1/Lab2/part1total.v Line: 1
Info (21057): Implemented 137 device resources after synthesis - the final resource count might be different
    Info (21058): Implemented 5 input pins
    Info (21059): Implemented 42 output pins
    Info (21061): Implemented 90 logic cells
Info: Quartus Prime Analysis & Synthesis was successful. 0 errors, 66 warnings
    Info: Peak virtual memory: 4861 megabytes
    Info: Processing ended: Wed Feb 12 16:50:06 2020
    Info: Elapsed time: 00:00:24
    Info: Total CPU time (on all processors): 00:00:34


+------------------------------------------+
; Analysis & Synthesis Suppressed Messages ;
+------------------------------------------+
The suppressed messages can be found in C:/intelFPGA_lite/17.1/Lab2/output_files/part1.map.smsg.


